<?xml version="1.0" encoding="UTF-8"?>
<testsuite name="asia.canopy.tree.TreeApplicationTests" tests="1" skipped="0" failures="0" errors="0" timestamp="2025-05-05T12:56:03.327Z" hostname="gim-yejiui-MacBookPro.local" time="0.244">
  <properties/>
  <testcase name="contextLoads()" classname="asia.canopy.tree.TreeApplicationTests" time="0.244"/>
  <system-out><![CDATA[21:56:01.745 [Test worker] INFO org.springframework.test.context.support.AnnotationConfigContextLoaderUtils -- Could not detect default configuration classes for test class [asia.canopy.tree.TreeApplicationTests]: TreeApplicationTests does not declare any static, non-private, non-final, nested classes annotated with @Configuration.
21:56:01.784 [Test worker] INFO org.springframework.boot.test.context.SpringBootTestContextBootstrapper -- Found @SpringBootConfiguration asia.canopy.tree.TreeApplication for test class asia.canopy.tree.TreeApplicationTests

  .   ____          _            __ _ _
 /\\ / ___'_ __ _ _(_)_ __  __ _ \ \ \ \
( ( )\___ | '_ | '_| | '_ \/ _` | \ \ \ \
 \\/  ___)| |_)| | | | | || (_| |  ) ) ) )
  '  |____| .__|_| |_|_| |_\__, | / / / /
 =========|_|==============|___/=/_/_/_/

 :: Spring Boot ::                (v3.4.5)

2025-05-05T21:56:01.914+09:00  INFO 59549 --- [    Test worker] asia.canopy.tree.TreeApplicationTests    : Starting TreeApplicationTests using Java 21.0.5 with PID 59549 (started by eeddii in /Users/eeddii/Desktop/BE_tree)
2025-05-05T21:56:01.914+09:00  INFO 59549 --- [    Test worker] asia.canopy.tree.TreeApplicationTests    : No active profile set, falling back to 1 default profile: "default"
2025-05-05T21:56:02.215+09:00  INFO 59549 --- [    Test worker] .s.d.r.c.RepositoryConfigurationDelegate : Bootstrapping Spring Data JPA repositories in DEFAULT mode.
2025-05-05T21:56:02.236+09:00  INFO 59549 --- [    Test worker] .s.d.r.c.RepositoryConfigurationDelegate : Finished Spring Data repository scanning in 17 ms. Found 1 JPA repository interface.
2025-05-05T21:56:02.393+09:00  INFO 59549 --- [    Test worker] com.zaxxer.hikari.HikariDataSource       : HikariPool-1 - Starting...
2025-05-05T21:56:02.457+09:00  INFO 59549 --- [    Test worker] com.zaxxer.hikari.pool.HikariPool        : HikariPool-1 - Added connection conn0: url=jdbc:h2:mem:8adbacf3-45c4-49d5-a882-928885f43afd user=SA
2025-05-05T21:56:02.458+09:00  INFO 59549 --- [    Test worker] com.zaxxer.hikari.HikariDataSource       : HikariPool-1 - Start completed.
2025-05-05T21:56:02.476+09:00  INFO 59549 --- [    Test worker] o.hibernate.jpa.internal.util.LogHelper  : HHH000204: Processing PersistenceUnitInfo [name: default]
2025-05-05T21:56:02.493+09:00  INFO 59549 --- [    Test worker] org.hibernate.Version                    : HHH000412: Hibernate ORM core version 6.6.13.Final
2025-05-05T21:56:02.503+09:00  INFO 59549 --- [    Test worker] o.h.c.internal.RegionFactoryInitiator    : HHH000026: Second-level cache disabled
2025-05-05T21:56:02.585+09:00  INFO 59549 --- [    Test worker] o.s.o.j.p.SpringPersistenceUnitInfo      : No LoadTimeWeaver setup: ignoring JPA class transformer
2025-05-05T21:56:02.614+09:00  INFO 59549 --- [    Test worker] org.hibernate.orm.connections.pooling    : HHH10001005: Database info:
	Database JDBC URL [Connecting through datasource 'HikariDataSource (HikariPool-1)']
	Database driver: undefined/unknown
	Database version: 2.3.232
	Autocommit mode: undefined/unknown
	Isolation level: undefined/unknown
	Minimum pool size: undefined/unknown
	Maximum pool size: undefined/unknown
2025-05-05T21:56:02.897+09:00  INFO 59549 --- [    Test worker] o.h.e.t.j.p.i.JtaPlatformInitiator       : HHH000489: No JTA platform available (set 'hibernate.transaction.jta.platform' to enable JTA platform integration)
2025-05-05T21:56:02.909+09:00  INFO 59549 --- [    Test worker] j.LocalContainerEntityManagerFactoryBean : Initialized JPA EntityManagerFactory for persistence unit 'default'
2025-05-05T21:56:03.076+09:00  WARN 59549 --- [    Test worker] JpaBaseConfiguration$JpaWebConfiguration : spring.jpa.open-in-view is enabled by default. Therefore, database queries may be performed during view rendering. Explicitly configure spring.jpa.open-in-view to disable this warning
2025-05-05T21:56:03.322+09:00  INFO 59549 --- [    Test worker] asia.canopy.tree.TreeApplicationTests    : Started TreeApplicationTests in 1.485 seconds (process running for 1.882)
]]></system-out>
  <system-err><![CDATA[Mockito is currently self-attaching to enable the inline-mock-maker. This will no longer work in future releases of the JDK. Please add Mockito as an agent to your build what is described in Mockito's documentation: https://javadoc.io/doc/org.mockito/mockito-core/latest/org/mockito/Mockito.html#0.3
WARNING: A Java agent has been loaded dynamically (/Users/eeddii/.gradle/caches/modules-2/files-2.1/net.bytebuddy/byte-buddy-agent/1.15.11/a38b16385e867f59a641330f0362ebe742788ed8/byte-buddy-agent-1.15.11.jar)
WARNING: If a serviceability tool is in use, please run with -XX:+EnableDynamicAgentLoading to hide this warning
WARNING: If a serviceability tool is not in use, please run with -Djdk.instrument.traceUsage for more information
WARNING: Dynamic loading of agents will be disallowed by default in a future release
]]></system-err>
</testsuite>
