<?xml version="1.0" encoding="UTF-8"?>
<testsuite name="asia.canopy.tree.AuthTest.CustomOAuth2UserServiceTest" tests="4" skipped="0" failures="0" errors="0" timestamp="2025-05-04T15:35:28.362Z" hostname="gim-yejiui-MacBookPro.local" time="0.069">
  <properties/>
  <testcase name="testProviderMismatch_whenUserExistsWithDifferentProvider()" classname="asia.canopy.tree.AuthTest.CustomOAuth2UserServiceTest" time="0.063"/>
  <testcase name="testUnsupportedProvider()" classname="asia.canopy.tree.AuthTest.CustomOAuth2UserServiceTest" time="0.001"/>
  <testcase name="testRegisterNewUser()" classname="asia.canopy.tree.AuthTest.CustomOAuth2UserServiceTest" time="0.003"/>
  <testcase name="testNoEmail()" classname="asia.canopy.tree.AuthTest.CustomOAuth2UserServiceTest" time="0.001"/>
  <system-out><![CDATA[]]></system-out>
  <system-err><![CDATA[]]></system-err>
</testsuite>
