<?xml version="1.0" encoding="UTF-8"?>
<testsuite name="asia.canopy.tree.AuthTest.AuthControllerIntegrationTest" tests="7" skipped="0" failures="0" errors="0" timestamp="2025-05-04T15:35:28.315Z" hostname="gim-yejiui-MacBookPro.local" time="0.045">
  <properties/>
  <testcase name="showSetPasswordPage()" classname="asia.canopy.tree.AuthTest.AuthControllerIntegrationTest" time="0.008"/>
  <testcase name="verifyEmail_InvalidToken()" classname="asia.canopy.tree.AuthTest.AuthControllerIntegrationTest" time="0.007"/>
  <testcase name="showSetPasswordPage_WithoutVerification()" classname="asia.canopy.tree.AuthTest.AuthControllerIntegrationTest" time="0.002"/>
  <testcase name="registerUser_Success()" classname="asia.canopy.tree.AuthTest.AuthControllerIntegrationTest" time="0.009"/>
  <testcase name="showRegisterPage()" classname="asia.canopy.tree.AuthTest.AuthControllerIntegrationTest" time="0.003"/>
  <testcase name="verifyEmail_ValidToken()" classname="asia.canopy.tree.AuthTest.AuthControllerIntegrationTest" time="0.01"/>
  <testcase name="showLoginPage()" classname="asia.canopy.tree.AuthTest.AuthControllerIntegrationTest" time="0.003"/>
  <system-out><![CDATA[2025-05-05T00:35:28.050+09:00  INFO 51023 --- [    Test worker] t.c.s.AnnotationConfigContextLoaderUtils : Could not detect default configuration classes for test class [asia.canopy.tree.AuthTest.AuthControllerIntegrationTest]: AuthControllerIntegrationTest does not declare any static, non-private, non-final, nested classes annotated with @Configuration.
2025-05-05T00:35:28.052+09:00  INFO 51023 --- [    Test worker] .b.t.c.SpringBootTestContextBootstrapper : Found @SpringBootConfiguration asia.canopy.tree.TreeApplication for test class asia.canopy.tree.AuthTest.AuthControllerIntegrationTest

  .   ____          _            __ _ _
 /\\ / ___'_ __ _ _(_)_ __  __ _ \ \ \ \
( ( )\___ | '_ | '_| | '_ \/ _` | \ \ \ \
 \\/  ___)| |_)| | | | | || (_| |  ) ) ) )
  '  |____| .__|_| |_|_| |_\__, | / / / /
 =========|_|==============|___/=/_/_/_/

 :: Spring Boot ::                (v3.4.5)

2025-05-05T00:35:28.064+09:00  INFO 51023 --- [    Test worker] a.c.t.A.AuthControllerIntegrationTest    : Starting AuthControllerIntegrationTest using Java 21.0.5 with PID 51023 (started by eeddii in /Users/eeddii/Desktop/BE_tree)
2025-05-05T00:35:28.064+09:00  INFO 51023 --- [    Test worker] a.c.t.A.AuthControllerIntegrationTest    : The following 1 profile is active: "test"
2025-05-05T00:35:28.139+09:00  INFO 51023 --- [    Test worker] .s.d.r.c.RepositoryConfigurationDelegate : Bootstrapping Spring Data JPA repositories in DEFAULT mode.
2025-05-05T00:35:28.151+09:00  INFO 51023 --- [    Test worker] .s.d.r.c.RepositoryConfigurationDelegate : Finished Spring Data repository scanning in 10 ms. Found 1 JPA repository interface.
2025-05-05T00:35:28.186+09:00  INFO 51023 --- [    Test worker] o.hibernate.jpa.internal.util.LogHelper  : HHH000204: Processing PersistenceUnitInfo [name: default]
2025-05-05T00:35:28.187+09:00  INFO 51023 --- [    Test worker] o.h.c.internal.RegionFactoryInitiator    : HHH000026: Second-level cache disabled
2025-05-05T00:35:28.191+09:00  INFO 51023 --- [    Test worker] o.s.o.j.p.SpringPersistenceUnitInfo      : No LoadTimeWeaver setup: ignoring JPA class transformer
2025-05-05T00:35:28.191+09:00  INFO 51023 --- [    Test worker] com.zaxxer.hikari.HikariDataSource       : HikariPool-2 - Starting...
2025-05-05T00:35:28.192+09:00  INFO 51023 --- [    Test worker] com.zaxxer.hikari.pool.HikariPool        : HikariPool-2 - Added connection conn10: url=jdbc:h2:mem:testdb user=SA
2025-05-05T00:35:28.192+09:00  INFO 51023 --- [    Test worker] com.zaxxer.hikari.HikariDataSource       : HikariPool-2 - Start completed.
2025-05-05T00:35:28.194+09:00  INFO 51023 --- [    Test worker] org.hibernate.orm.connections.pooling    : HHH10001005: Database info:
	Database JDBC URL [Connecting through datasource 'HikariDataSource (HikariPool-2)']
	Database driver: undefined/unknown
	Database version: 2.3.232
	Autocommit mode: undefined/unknown
	Isolation level: undefined/unknown
	Minimum pool size: undefined/unknown
	Maximum pool size: undefined/unknown
2025-05-05T00:35:28.208+09:00  INFO 51023 --- [    Test worker] o.h.e.t.j.p.i.JtaPlatformInitiator       : HHH000489: No JTA platform available (set 'hibernate.transaction.jta.platform' to enable JTA platform integration)
2025-05-05T00:35:28.208+09:00 DEBUG 51023 --- [    Test worker] org.hibernate.SQL                        : drop table if exists users cascade 
Hibernate: drop table if exists users cascade 
2025-05-05T00:35:28.209+09:00 DEBUG 51023 --- [    Test worker] org.hibernate.SQL                        : create table users (email_verified boolean not null, created_at timestamp(6), id bigint generated by default as identity, updated_at timestamp(6), verification_token_expiry timestamp(6), email varchar(255) not null unique, name varchar(255), password varchar(255), provider_id varchar(255), verification_token varchar(255), provider enum ('FACEBOOK','GOOGLE','LOCAL'), primary key (id))
Hibernate: create table users (email_verified boolean not null, created_at timestamp(6), id bigint generated by default as identity, updated_at timestamp(6), verification_token_expiry timestamp(6), email varchar(255) not null unique, name varchar(255), password varchar(255), provider_id varchar(255), verification_token varchar(255), provider enum ('FACEBOOK','GOOGLE','LOCAL'), primary key (id))
2025-05-05T00:35:28.210+09:00  INFO 51023 --- [    Test worker] j.LocalContainerEntityManagerFactoryBean : Initialized JPA EntityManagerFactory for persistence unit 'default'
2025-05-05T00:35:28.244+09:00  WARN 51023 --- [    Test worker] JpaBaseConfiguration$JpaWebConfiguration : spring.jpa.open-in-view is enabled by default. Therefore, database queries may be performed during view rendering. Explicitly configure spring.jpa.open-in-view to disable this warning
2025-05-05T00:35:28.309+09:00  INFO 51023 --- [    Test worker] o.s.b.t.m.w.SpringBootMockServletContext : Initializing Spring TestDispatcherServlet ''
2025-05-05T00:35:28.310+09:00  INFO 51023 --- [    Test worker] o.s.t.web.servlet.TestDispatcherServlet  : Initializing Servlet ''
2025-05-05T00:35:28.310+09:00  INFO 51023 --- [    Test worker] o.s.t.web.servlet.TestDispatcherServlet  : Completed initialization in 0 ms
2025-05-05T00:35:28.314+09:00  INFO 51023 --- [    Test worker] a.c.t.A.AuthControllerIntegrationTest    : Started AuthControllerIntegrationTest in 0.261 seconds (process running for 2.772)
2025-05-05T00:35:28.327+09:00 DEBUG 51023 --- [    Test worker] org.hibernate.SQL                        : select u1_0.id,u1_0.created_at,u1_0.email,u1_0.email_verified,u1_0.name,u1_0.password,u1_0.provider,u1_0.provider_id,u1_0.updated_at,u1_0.verification_token,u1_0.verification_token_expiry from users u1_0 where u1_0.verification_token=?
Hibernate: select u1_0.id,u1_0.created_at,u1_0.email,u1_0.email_verified,u1_0.name,u1_0.password,u1_0.provider,u1_0.provider_id,u1_0.updated_at,u1_0.verification_token,u1_0.verification_token_expiry from users u1_0 where u1_0.verification_token=?
2025-05-05T00:35:28.338+09:00 DEBUG 51023 --- [    Test worker] org.hibernate.SQL                        : select u1_0.id from users u1_0 where u1_0.email=? fetch first ? rows only
Hibernate: select u1_0.id from users u1_0 where u1_0.email=? fetch first ? rows only
2025-05-05T00:35:28.339+09:00 DEBUG 51023 --- [    Test worker] org.hibernate.SQL                        : insert into users (created_at,email,email_verified,name,password,provider,provider_id,updated_at,verification_token,verification_token_expiry,id) values (?,?,?,?,?,?,?,?,?,?,default)
Hibernate: insert into users (created_at,email,email_verified,name,password,provider,provider_id,updated_at,verification_token,verification_token_expiry,id) values (?,?,?,?,?,?,?,?,?,?,default)
2025-05-05T00:35:28.348+09:00 DEBUG 51023 --- [    Test worker] org.hibernate.SQL                        : insert into users (created_at,email,email_verified,name,password,provider,provider_id,updated_at,verification_token,verification_token_expiry,id) values (?,?,?,?,?,?,?,?,?,?,default)
Hibernate: insert into users (created_at,email,email_verified,name,password,provider,provider_id,updated_at,verification_token,verification_token_expiry,id) values (?,?,?,?,?,?,?,?,?,?,default)
2025-05-05T00:35:28.350+09:00 DEBUG 51023 --- [    Test worker] org.hibernate.SQL                        : select u1_0.id,u1_0.created_at,u1_0.email,u1_0.email_verified,u1_0.name,u1_0.password,u1_0.provider,u1_0.provider_id,u1_0.updated_at,u1_0.verification_token,u1_0.verification_token_expiry from users u1_0 where u1_0.verification_token=?
Hibernate: select u1_0.id,u1_0.created_at,u1_0.email,u1_0.email_verified,u1_0.name,u1_0.password,u1_0.provider,u1_0.provider_id,u1_0.updated_at,u1_0.verification_token,u1_0.verification_token_expiry from users u1_0 where u1_0.verification_token=?
2025-05-05T00:35:28.354+09:00 DEBUG 51023 --- [    Test worker] org.hibernate.SQL                        : update users set created_at=?,email=?,email_verified=?,name=?,password=?,provider=?,provider_id=?,updated_at=?,verification_token=?,verification_token_expiry=? where id=?
Hibernate: update users set created_at=?,email=?,email_verified=?,name=?,password=?,provider=?,provider_id=?,updated_at=?,verification_token=?,verification_token_expiry=? where id=?
2025-05-05T00:35:28.355+09:00 DEBUG 51023 --- [    Test worker] org.hibernate.SQL                        : select u1_0.id,u1_0.created_at,u1_0.email,u1_0.email_verified,u1_0.name,u1_0.password,u1_0.provider,u1_0.provider_id,u1_0.updated_at,u1_0.verification_token,u1_0.verification_token_expiry from users u1_0 where u1_0.verification_token=?
Hibernate: select u1_0.id,u1_0.created_at,u1_0.email,u1_0.email_verified,u1_0.name,u1_0.password,u1_0.provider,u1_0.provider_id,u1_0.updated_at,u1_0.verification_token,u1_0.verification_token_expiry from users u1_0 where u1_0.verification_token=?
]]></system-out>
  <system-err><![CDATA[]]></system-err>
</testsuite>
