<?xml version="1.0" encoding="UTF-8"?>
<testsuite name="asia.canopy.tree.TreeApplicationTests" tests="1" skipped="0" failures="0" errors="0" timestamp="2025-05-09T12:29:04.019Z" hostname="gim-yejiui-MacBookPro.local" time="0.245">
  <properties/>
  <testcase name="contextLoads()" classname="asia.canopy.tree.TreeApplicationTests" time="0.245"/>
  <system-out><![CDATA[21:29:02.100 [Test worker] INFO org.springframework.test.context.support.AnnotationConfigContextLoaderUtils -- Could not detect default configuration classes for test class [asia.canopy.tree.TreeApplicationTests]: TreeApplicationTests does not declare any static, non-private, non-final, nested classes annotated with @Configuration.
21:29:02.141 [Test worker] INFO org.springframework.boot.test.context.SpringBootTestContextBootstrapper -- Found @SpringBootConfiguration asia.canopy.tree.TreeApplication for test class asia.canopy.tree.TreeApplicationTests

  .   ____          _            __ _ _
 /\\ / ___'_ __ _ _(_)_ __  __ _ \ \ \ \
( ( )\___ | '_ | '_| | '_ \/ _` | \ \ \ \
 \\/  ___)| |_)| | | | | || (_| |  ) ) ) )
  '  |____| .__|_| |_|_| |_\__, | / / / /
 =========|_|==============|___/=/_/_/_/

 :: Spring Boot ::                (v3.4.5)

2025-05-09T21:29:02.272+09:00  INFO 91362 --- [    Test worker] asia.canopy.tree.TreeApplicationTests    : Starting TreeApplicationTests using Java 21.0.5 with PID 91362 (started by eeddii in /Users/eeddii/Desktop/BE_tree)
2025-05-09T21:29:02.272+09:00  INFO 91362 --- [    Test worker] asia.canopy.tree.TreeApplicationTests    : The following 1 profile is active: "test"
2025-05-09T21:29:02.548+09:00  INFO 91362 --- [    Test worker] .s.d.r.c.RepositoryConfigurationDelegate : Bootstrapping Spring Data JPA repositories in DEFAULT mode.
2025-05-09T21:29:02.569+09:00  INFO 91362 --- [    Test worker] .s.d.r.c.RepositoryConfigurationDelegate : Finished Spring Data repository scanning in 17 ms. Found 3 JPA repository interfaces.
2025-05-09T21:29:02.735+09:00  INFO 91362 --- [    Test worker] o.hibernate.jpa.internal.util.LogHelper  : HHH000204: Processing PersistenceUnitInfo [name: default]
2025-05-09T21:29:02.749+09:00  INFO 91362 --- [    Test worker] org.hibernate.Version                    : HHH000412: Hibernate ORM core version 6.6.13.Final
2025-05-09T21:29:02.759+09:00  INFO 91362 --- [    Test worker] o.h.c.internal.RegionFactoryInitiator    : HHH000026: Second-level cache disabled
2025-05-09T21:29:02.839+09:00  INFO 91362 --- [    Test worker] o.s.o.j.p.SpringPersistenceUnitInfo      : No LoadTimeWeaver setup: ignoring JPA class transformer
2025-05-09T21:29:02.849+09:00  INFO 91362 --- [    Test worker] com.zaxxer.hikari.HikariDataSource       : HikariPool-1 - Starting...
2025-05-09T21:29:02.916+09:00  INFO 91362 --- [    Test worker] com.zaxxer.hikari.pool.HikariPool        : HikariPool-1 - Added connection org.mariadb.jdbc.Connection@77cc6a28
2025-05-09T21:29:02.917+09:00  INFO 91362 --- [    Test worker] com.zaxxer.hikari.HikariDataSource       : HikariPool-1 - Start completed.
2025-05-09T21:29:02.933+09:00  WARN 91362 --- [    Test worker] org.hibernate.orm.deprecation            : HHH90000025: MariaDBDialect does not need to be specified explicitly using 'hibernate.dialect' (remove the property setting and it will be selected by default)
2025-05-09T21:29:02.946+09:00  INFO 91362 --- [    Test worker] org.hibernate.orm.connections.pooling    : HHH10001005: Database info:
	Database JDBC URL [Connecting through datasource 'HikariDataSource (HikariPool-1)']
	Database driver: undefined/unknown
	Database version: 10.5.25
	Autocommit mode: undefined/unknown
	Isolation level: undefined/unknown
	Minimum pool size: undefined/unknown
	Maximum pool size: undefined/unknown
2025-05-09T21:29:03.229+09:00  INFO 91362 --- [    Test worker] o.h.e.t.j.p.i.JtaPlatformInitiator       : HHH000489: No JTA platform available (set 'hibernate.transaction.jta.platform' to enable JTA platform integration)
2025-05-09T21:29:03.295+09:00  INFO 91362 --- [    Test worker] j.LocalContainerEntityManagerFactoryBean : Initialized JPA EntityManagerFactory for persistence unit 'default'
2025-05-09T21:29:03.453+09:00  INFO 91362 --- [    Test worker] r$InitializeUserDetailsManagerConfigurer : Global AuthenticationManager configured with UserDetailsService bean with name customUserDetailsService
2025-05-09T21:29:03.525+09:00  WARN 91362 --- [    Test worker] JpaBaseConfiguration$JpaWebConfiguration : spring.jpa.open-in-view is enabled by default. Therefore, database queries may be performed during view rendering. Explicitly configure spring.jpa.open-in-view to disable this warning
2025-05-09T21:29:04.014+09:00  INFO 91362 --- [    Test worker] asia.canopy.tree.TreeApplicationTests    : Started TreeApplicationTests in 1.825 seconds (process running for 2.249)
]]></system-out>
  <system-err><![CDATA[Mockito is currently self-attaching to enable the inline-mock-maker. This will no longer work in future releases of the JDK. Please add Mockito as an agent to your build what is described in Mockito's documentation: https://javadoc.io/doc/org.mockito/mockito-core/latest/org/mockito/Mockito.html#0.3
WARNING: A Java agent has been loaded dynamically (/Users/eeddii/.gradle/caches/modules-2/files-2.1/net.bytebuddy/byte-buddy-agent/1.15.11/a38b16385e867f59a641330f0362ebe742788ed8/byte-buddy-agent-1.15.11.jar)
WARNING: If a serviceability tool is in use, please run with -XX:+EnableDynamicAgentLoading to hide this warning
WARNING: If a serviceability tool is not in use, please run with -Djdk.instrument.traceUsage for more information
WARNING: Dynamic loading of agents will be disallowed by default in a future release
]]></system-err>
</testsuite>
