<?xml version="1.0" encoding="UTF-8"?>
<testsuite name="asia.canopy.tree.AuthTest.SecurityConfigTest" tests="2" skipped="0" failures="0" errors="0" timestamp="2025-05-04T15:35:28.656Z" hostname="gim-yejiui-MacBookPro.local" time="0.014">
  <properties/>
  <testcase name="protectedEndpoints_ShouldRequireAuthentication()" classname="asia.canopy.tree.AuthTest.SecurityConfigTest" time="0.009"/>
  <testcase name="publicEndpoints_ShouldBeAccessible()" classname="asia.canopy.tree.AuthTest.SecurityConfigTest" time="0.005"/>
  <system-out><![CDATA[2025-05-05T00:35:28.432+09:00  INFO 51023 --- [    Test worker] t.c.s.AnnotationConfigContextLoaderUtils : Could not detect default configuration classes for test class [asia.canopy.tree.AuthTest.SecurityConfigTest]: SecurityConfigTest does not declare any static, non-private, non-final, nested classes annotated with @Configuration.
2025-05-05T00:35:28.433+09:00  INFO 51023 --- [    Test worker] .b.t.c.SpringBootTestContextBootstrapper : Found @SpringBootConfiguration asia.canopy.tree.TreeApplication for test class asia.canopy.tree.AuthTest.SecurityConfigTest

  .   ____          _            __ _ _
 /\\ / ___'_ __ _ _(_)_ __  __ _ \ \ \ \
( ( )\___ | '_ | '_| | '_ \/ _` | \ \ \ \
 \\/  ___)| |_)| | | | | || (_| |  ) ) ) )
  '  |____| .__|_| |_|_| |_\__, | / / / /
 =========|_|==============|___/=/_/_/_/

 :: Spring Boot ::                (v3.4.5)

2025-05-05T00:35:28.442+09:00  INFO 51023 --- [    Test worker] a.c.tree.AuthTest.SecurityConfigTest     : Starting SecurityConfigTest using Java 21.0.5 with PID 51023 (started by eeddii in /Users/eeddii/Desktop/BE_tree)
2025-05-05T00:35:28.442+09:00  INFO 51023 --- [    Test worker] a.c.tree.AuthTest.SecurityConfigTest     : The following 1 profile is active: "test"
2025-05-05T00:35:28.502+09:00  INFO 51023 --- [    Test worker] .s.d.r.c.RepositoryConfigurationDelegate : Bootstrapping Spring Data JPA repositories in DEFAULT mode.
2025-05-05T00:35:28.505+09:00  INFO 51023 --- [    Test worker] .s.d.r.c.RepositoryConfigurationDelegate : Finished Spring Data repository scanning in 2 ms. Found 1 JPA repository interface.
2025-05-05T00:35:28.535+09:00  INFO 51023 --- [    Test worker] o.hibernate.jpa.internal.util.LogHelper  : HHH000204: Processing PersistenceUnitInfo [name: default]
2025-05-05T00:35:28.536+09:00  INFO 51023 --- [    Test worker] o.h.c.internal.RegionFactoryInitiator    : HHH000026: Second-level cache disabled
2025-05-05T00:35:28.539+09:00  INFO 51023 --- [    Test worker] o.s.o.j.p.SpringPersistenceUnitInfo      : No LoadTimeWeaver setup: ignoring JPA class transformer
2025-05-05T00:35:28.540+09:00  INFO 51023 --- [    Test worker] com.zaxxer.hikari.HikariDataSource       : HikariPool-3 - Starting...
2025-05-05T00:35:28.540+09:00  INFO 51023 --- [    Test worker] com.zaxxer.hikari.pool.HikariPool        : HikariPool-3 - Added connection conn19: url=jdbc:h2:mem:testdb user=SA
2025-05-05T00:35:28.540+09:00  INFO 51023 --- [    Test worker] com.zaxxer.hikari.HikariDataSource       : HikariPool-3 - Start completed.
2025-05-05T00:35:28.541+09:00  INFO 51023 --- [    Test worker] org.hibernate.orm.connections.pooling    : HHH10001005: Database info:
	Database JDBC URL [Connecting through datasource 'HikariDataSource (HikariPool-3)']
	Database driver: undefined/unknown
	Database version: 2.3.232
	Autocommit mode: undefined/unknown
	Isolation level: undefined/unknown
	Minimum pool size: undefined/unknown
	Maximum pool size: undefined/unknown
2025-05-05T00:35:28.551+09:00  INFO 51023 --- [    Test worker] o.h.e.t.j.p.i.JtaPlatformInitiator       : HHH000489: No JTA platform available (set 'hibernate.transaction.jta.platform' to enable JTA platform integration)
2025-05-05T00:35:28.552+09:00 DEBUG 51023 --- [    Test worker] org.hibernate.SQL                        : drop table if exists users cascade 
Hibernate: drop table if exists users cascade 
2025-05-05T00:35:28.552+09:00 DEBUG 51023 --- [    Test worker] org.hibernate.SQL                        : create table users (email_verified boolean not null, created_at timestamp(6), id bigint generated by default as identity, updated_at timestamp(6), verification_token_expiry timestamp(6), email varchar(255) not null unique, name varchar(255), password varchar(255), provider_id varchar(255), verification_token varchar(255), provider enum ('FACEBOOK','GOOGLE','LOCAL'), primary key (id))
Hibernate: create table users (email_verified boolean not null, created_at timestamp(6), id bigint generated by default as identity, updated_at timestamp(6), verification_token_expiry timestamp(6), email varchar(255) not null unique, name varchar(255), password varchar(255), provider_id varchar(255), verification_token varchar(255), provider enum ('FACEBOOK','GOOGLE','LOCAL'), primary key (id))
2025-05-05T00:35:28.553+09:00  INFO 51023 --- [    Test worker] j.LocalContainerEntityManagerFactoryBean : Initialized JPA EntityManagerFactory for persistence unit 'default'
2025-05-05T00:35:28.582+09:00  WARN 51023 --- [    Test worker] JpaBaseConfiguration$JpaWebConfiguration : spring.jpa.open-in-view is enabled by default. Therefore, database queries may be performed during view rendering. Explicitly configure spring.jpa.open-in-view to disable this warning
2025-05-05T00:35:28.648+09:00  INFO 51023 --- [    Test worker] o.s.b.t.m.w.SpringBootMockServletContext : Initializing Spring TestDispatcherServlet ''
2025-05-05T00:35:28.649+09:00  INFO 51023 --- [    Test worker] o.s.t.web.servlet.TestDispatcherServlet  : Initializing Servlet ''
2025-05-05T00:35:28.649+09:00  INFO 51023 --- [    Test worker] o.s.t.web.servlet.TestDispatcherServlet  : Completed initialization in 0 ms
2025-05-05T00:35:28.655+09:00  INFO 51023 --- [    Test worker] a.c.tree.AuthTest.SecurityConfigTest     : Started SecurityConfigTest in 0.221 seconds (process running for 3.112)
]]></system-out>
  <system-err><![CDATA[]]></system-err>
</testsuite>
