<?xml version="1.0" encoding="UTF-8"?>
<testsuite name="asia.canopy.tree.AuthTest.UserServiceTest" tests="6" skipped="0" failures="0" errors="0" timestamp="2025-05-04T15:35:28.671Z" hostname="gim-yejiui-MacBookPro.local" time="0.029">
  <properties/>
  <testcase name="verifyEmail_ExpiredToken()" classname="asia.canopy.tree.AuthTest.UserServiceTest" time="0.018"/>
  <testcase name="setPassword_Success()" classname="asia.canopy.tree.AuthTest.UserServiceTest" time="0.002"/>
  <testcase name="setPassword_UserNotFound()" classname="asia.canopy.tree.AuthTest.UserServiceTest" time="0.002"/>
  <testcase name="registerUser_EmailAlreadyExists()" classname="asia.canopy.tree.AuthTest.UserServiceTest" time="0.001"/>
  <testcase name="registerUser_Success()" classname="asia.canopy.tree.AuthTest.UserServiceTest" time="0.004"/>
  <testcase name="verifyEmail_ValidToken()" classname="asia.canopy.tree.AuthTest.UserServiceTest" time="0.001"/>
  <system-out><![CDATA[]]></system-out>
  <system-err><![CDATA[]]></system-err>
</testsuite>
